[18492:17616:0604/165915.470:INFO:components\enterprise\browser\controller\chrome_browser_cloud_management_controller.cc:202] No machine level policy manager exists.
[21892:28752:0604/165915.559:ERROR:ui\gl\direct_composition_support.cc:615] AMD VideoProcessorGetOutputExtension failed: Unspecified error (0x80004005)
[21892:28752:0604/165915.561:VERBOSE1:components\viz\service\main\viz_main_impl.cc:85] VizNullHypothesis is disabled (not a warning)
[6636:13136:0604/165915.565:INFO:third_party\webrtc\system_wrappers\source\cpu_info.cc:56] Available number of cores: 12
[13832:19144:0604/165915.572:INFO:third_party\webrtc\system_wrappers\source\cpu_info.cc:56] Available number of cores: 12
[6364:18428:0604/165915.905:INFO:third_party\webrtc\system_wrappers\source\cpu_info.cc:56] Available number of cores: 12
[19696:27764:0604/165915.935:INFO:third_party\webrtc\system_wrappers\source\cpu_info.cc:56] Available number of cores: 12
[18492:17616:0604/165916.443:INFO:CONSOLE:708] "%c%s color:teal;font-size:24px Developing an extension for Meet? An add-on would work better.", source: https://meet.google.com/_/scs/mss-static/_/js/k=boq-rtc.MeetingsUi.en_US.d1O4ZDaytYQ.2020.O/am=6t2SgJwGEQCA8TjAKBAAQKBoI1JjGKAAACAPDgABDAAAAITAAEojAACQGwAAGIiv9ZnwmsA4gAE/d=1/excm=_b,_tp,calldesktoppageview/ed=1/dg=0/br=1/wt=2/ujg=1/rs=AL5CKSHYLUDXmYdA6eplF6k5QvbVZamI8A/m=_b,_tp?wli=MeetingsUi.WYMG7zyDiH8.loadAudioAnalyzer.O%3A%3BMeetingsUi.ZUe_WygnDrA.loadAudioEncoder.O%3A%3BMeetingsUi.HRu6AvYjJUg.loadNetEqLyraWrapper.O%3A%3BMeetingsUi.4-dsGPOypMg.loadNetEqWrapper.O%3A%3B (708)
[18492:17616:0604/165916.443:INFO:CONSOLE:708] "%c%s color:teal;font-size:16px Extensions frequently cause user issues by altering the page.", source: https://meet.google.com/_/scs/mss-static/_/js/k=boq-rtc.MeetingsUi.en_US.d1O4ZDaytYQ.2020.O/am=6t2SgJwGEQCA8TjAKBAAQKBoI1JjGKAAACAPDgABDAAAAITAAEojAACQGwAAGIiv9ZnwmsA4gAE/d=1/excm=_b,_tp,calldesktoppageview/ed=1/dg=0/br=1/wt=2/ujg=1/rs=AL5CKSHYLUDXmYdA6eplF6k5QvbVZamI8A/m=_b,_tp?wli=MeetingsUi.WYMG7zyDiH8.loadAudioAnalyzer.O%3A%3BMeetingsUi.ZUe_WygnDrA.loadAudioEncoder.O%3A%3BMeetingsUi.HRu6AvYjJUg.loadNetEqLyraWrapper.O%3A%3BMeetingsUi.4-dsGPOypMg.loadNetEqWrapper.O%3A%3B (708)
[18492:17616:0604/165916.443:INFO:CONSOLE:709] "%c%s font-size:16px https://developers.google.com/meet/add-ons", source: https://meet.google.com/_/scs/mss-static/_/js/k=boq-rtc.MeetingsUi.en_US.d1O4ZDaytYQ.2020.O/am=6t2SgJwGEQCA8TjAKBAAQKBoI1JjGKAAACAPDgABDAAAAITAAEojAACQGwAAGIiv9ZnwmsA4gAE/d=1/excm=_b,_tp,calldesktoppageview/ed=1/dg=0/br=1/wt=2/ujg=1/rs=AL5CKSHYLUDXmYdA6eplF6k5QvbVZamI8A/m=_b,_tp?wli=MeetingsUi.WYMG7zyDiH8.loadAudioAnalyzer.O%3A%3BMeetingsUi.ZUe_WygnDrA.loadAudioEncoder.O%3A%3BMeetingsUi.HRu6AvYjJUg.loadNetEqLyraWrapper.O%3A%3BMeetingsUi.4-dsGPOypMg.loadNetEqWrapper.O%3A%3B (709)
[18492:17616:0604/165916.464:INFO:CONSOLE:630] "%c%s color: red; background: yellow; font-size: 24px; WARNING!", source: https://meet.google.com/_/scs/mss-static/_/js/k=boq-rtc.MeetingsUi.en_US.d1O4ZDaytYQ.2020.O/am=6t2SgJwGEQCA8TjAKBAAQKBoI1JjGKAAACAPDgABDAAAAITAAEojAACQGwAAGIiv9ZnwmsA4gAE/d=1/excm=_b,_tp,calldesktoppageview/ed=1/dg=0/br=1/wt=2/ujg=1/rs=AL5CKSHYLUDXmYdA6eplF6k5QvbVZamI8A/m=_b,_tp?wli=MeetingsUi.WYMG7zyDiH8.loadAudioAnalyzer.O%3A%3BMeetingsUi.ZUe_WygnDrA.loadAudioEncoder.O%3A%3BMeetingsUi.HRu6AvYjJUg.loadNetEqLyraWrapper.O%3A%3BMeetingsUi.4-dsGPOypMg.loadNetEqWrapper.O%3A%3B (630)
[18492:17616:0604/165916.464:INFO:CONSOLE:630] "%c%s font-size: 18px; Using this console may allow attackers to impersonate you and steal your information using an attack called Self-XSS.
Do not enter or paste code that you do not understand.", source: https://meet.google.com/_/scs/mss-static/_/js/k=boq-rtc.MeetingsUi.en_US.d1O4ZDaytYQ.2020.O/am=6t2SgJwGEQCA8TjAKBAAQKBoI1JjGKAAACAPDgABDAAAAITAAEojAACQGwAAGIiv9ZnwmsA4gAE/d=1/excm=_b,_tp,calldesktoppageview/ed=1/dg=0/br=1/wt=2/ujg=1/rs=AL5CKSHYLUDXmYdA6eplF6k5QvbVZamI8A/m=_b,_tp?wli=MeetingsUi.WYMG7zyDiH8.loadAudioAnalyzer.O%3A%3BMeetingsUi.ZUe_WygnDrA.loadAudioEncoder.O%3A%3BMeetingsUi.HRu6AvYjJUg.loadNetEqLyraWrapper.O%3A%3BMeetingsUi.4-dsGPOypMg.loadNetEqWrapper.O%3A%3B (630)
[18492:17616:0604/165917.332:WARNING:chrome\browser\media\prefs\capture_device_ranking.h:255] Can't initialize the value of media.audio_input.user_preference_ranking because media.default_audio_capture_device isn't registered or is empty
[18492:17616:0604/165917.332:WARNING:chrome\browser\media\prefs\capture_device_ranking.h:255] Can't initialize the value of media.video_input.user_preference_ranking because media.default_video_capture_Device isn't registered or is empty
[18492:17616:0604/165917.332:WARNING:chrome\browser\media\prefs\capture_device_ranking.h:255] Can't initialize the value of media.audio_input.user_preference_ranking because media.default_audio_capture_device isn't registered or is empty
[18492:17616:0604/165917.332:WARNING:chrome\browser\media\prefs\capture_device_ranking.h:255] Can't initialize the value of media.video_input.user_preference_ranking because media.default_video_capture_Device isn't registered or is empty
[13832:19144:0604/165917.576:INFO:third_party\webrtc\api\video_codecs\sdp_video_format.cc:291] Matched SdpVideoFormat Codec name: vp9, parameters: { } with Codec name: VP9, parameters: { profile-id=0 }, scalability_modes: [L1T1, L1T2, L1T3, L2T1, L2T1h, L2T1_KEY, L2T2, L2T2h, L2T2_KEY, L2T2_KEY_SHIFT, L2T3, L2T3h, L2T3_KEY, L3T1, L3T1h, L3T1_KEY, L3T2, L3T2h, L3T2_KEY, L3T3, L3T3h, L3T3_KEY, S2T1, S2T1h, S2T2, S2T2h, S2T3, S2T3h, S3T1, S3T1h, S3T2, S3T2h, S3T3, S3T3h]
[13832:19144:0604/165917.576:INFO:third_party\webrtc\api\video_codecs\sdp_video_format.cc:291] Matched SdpVideoFormat Codec name: vp9, parameters: { } with Codec name: VP9, parameters: { profile-id=0 }, scalability_modes: [L1T1, L1T2, L1T3, L2T1, L2T1h, L2T1_KEY, L2T2, L2T2h, L2T2_KEY, L2T2_KEY_SHIFT, L2T3, L2T3h, L2T3_KEY, L3T1, L3T1h, L3T1_KEY, L3T2, L3T2h, L3T2_KEY, L3T3, L3T3h, L3T3_KEY, S2T1, S2T1h, S2T2, S2T2h, S2T3, S2T3h, S3T1, S3T1h, S3T2, S3T2h, S3T3, S3T3h]
[13832:19144:0604/165917.576:INFO:third_party\webrtc\api\video_codecs\sdp_video_format.cc:291] Matched SdpVideoFormat Codec name: vp9, parameters: { } with Codec name: VP9, parameters: { profile-id=0 }, scalability_modes: [L1T1, L1T2, L1T3, L2T1, L2T1h, L2T1_KEY, L2T2, L2T2h, L2T2_KEY, L2T2_KEY_SHIFT, L2T3, L2T3h, L2T3_KEY, L3T1, L3T1h, L3T1_KEY, L3T2, L3T2h, L3T2_KEY, L3T3, L3T3h, L3T3_KEY, S2T1, S2T1h, S2T2, S2T2h, S2T3, S2T3h, S3T1, S3T1h, S3T2, S3T2h, S3T3, S3T3h]
[13832:19144:0604/165917.576:INFO:third_party\webrtc\api\video_codecs\sdp_video_format.cc:291] Matched SdpVideoFormat Codec name: vp9, parameters: { } with Codec name: VP9, parameters: { profile-id=0 }, scalability_modes: [L1T1, L1T2, L1T3, L2T1, L2T1h, L2T1_KEY, L2T2, L2T2h, L2T2_KEY, L2T2_KEY_SHIFT, L2T3, L2T3h, L2T3_KEY, L3T1, L3T1h, L3T1_KEY, L3T2, L3T2h, L3T2_KEY, L3T3, L3T3h, L3T3_KEY, S2T1, S2T1h, S2T2, S2T2h, S2T3, S2T3h, S3T1, S3T1h, S3T2, S3T2h, S3T3, S3T3h]
[13832:19144:0604/165917.576:INFO:third_party\webrtc\api\video_codecs\sdp_video_format.cc:291] Matched SdpVideoFormat Codec name: vp9, parameters: { } with Codec name: VP9, parameters: { profile-id=0 }, scalability_modes: [L1T1, L1T2, L1T3, L2T1, L2T1h, L2T1_KEY, L2T2, L2T2h, L2T2_KEY, L2T2_KEY_SHIFT, L2T3, L2T3h, L2T3_KEY, L3T1, L3T1h, L3T1_KEY, L3T2, L3T2h, L3T2_KEY, L3T3, L3T3h, L3T3_KEY, S2T1, S2T1h, S2T2, S2T2h, S2T3, S2T3h, S3T1, S3T1h, S3T2, S3T2h, S3T3, S3T3h]
[13832:19144:0604/165917.576:INFO:third_party\webrtc\api\video_codecs\sdp_video_format.cc:291] Matched SdpVideoFormat Codec name: vp9, parameters: { } with Codec name: VP9, parameters: { profile-id=0 }, scalability_modes: [L1T1, L1T2, L1T3, L2T1, L2T1h, L2T1_KEY, L2T2, L2T2h, L2T2_KEY, L2T2_KEY_SHIFT, L2T3, L2T3h, L2T3_KEY, L3T1, L3T1h, L3T1_KEY, L3T2, L3T2h, L3T2_KEY, L3T3, L3T3h, L3T3_KEY, S2T1, S2T1h, S2T2, S2T2h, S2T3, S2T3h, S3T1, S3T1h, S3T2, S3T2h, S3T3, S3T3h]
[13832:19144:0604/165917.576:INFO:third_party\webrtc\api\video_codecs\sdp_video_format.cc:291] Matched SdpVideoFormat Codec name: vp9, parameters: { } with Codec name: VP9, parameters: { profile-id=0 }, scalability_modes: [L1T1, L1T2, L1T3, L2T1, L2T1h, L2T1_KEY, L2T2, L2T2h, L2T2_KEY, L2T2_KEY_SHIFT, L2T3, L2T3h, L2T3_KEY, L3T1, L3T1h, L3T1_KEY, L3T2, L3T2h, L3T2_KEY, L3T3, L3T3h, L3T3_KEY, S2T1, S2T1h, S2T2, S2T2h, S2T3, S2T3h, S3T1, S3T1h, S3T2, S3T2h, S3T3, S3T3h]
[13832:19144:0604/165917.576:INFO:third_party\webrtc\api\video_codecs\sdp_video_format.cc:291] Matched SdpVideoFormat Codec name: vp9, parameters: { } with Codec name: VP9, parameters: { profile-id=0 }, scalability_modes: [L1T1, L1T2, L1T3, L2T1, L2T1h, L2T1_KEY, L2T2, L2T2h, L2T2_KEY, L2T2_KEY_SHIFT, L2T3, L2T3h, L2T3_KEY, L3T1, L3T1h, L3T1_KEY, L3T2, L3T2h, L3T2_KEY, L3T3, L3T3h, L3T3_KEY, S2T1, S2T1h, S2T2, S2T2h, S2T3, S2T3h, S3T1, S3T1h, S3T2, S3T2h, S3T3, S3T3h]
[13832:19144:0604/165917.576:INFO:third_party\webrtc\api\video_codecs\sdp_video_format.cc:291] Matched SdpVideoFormat Codec name: vp9, parameters: { } with Codec name: VP9, parameters: { profile-id=0 }, scalability_modes: [L1T1, L1T2, L1T3, L2T1, L2T1h, L2T1_KEY, L2T2, L2T2h, L2T2_KEY, L2T2_KEY_SHIFT, L2T3, L2T3h, L2T3_KEY, L3T1, L3T1h, L3T1_KEY, L3T2, L3T2h, L3T2_KEY, L3T3, L3T3h, L3T3_KEY, S2T1, S2T1h, S2T2, S2T2h, S2T3, S2T3h, S3T1, S3T1h, S3T2, S3T2h, S3T3, S3T3h]
[13832:19144:0604/165917.577:INFO:third_party\webrtc\api\video_codecs\sdp_video_format.cc:291] Matched SdpVideoFormat Codec name: vp8, parameters: { } with Codec name: VP8, parameters: { }, scalability_modes: [L1T1, L1T2, L1T3]
[13832:19144:0604/165917.577:INFO:third_party\webrtc\api\video_codecs\sdp_video_format.cc:291] Matched SdpVideoFormat Codec name: vp8, parameters: { } with Codec name: VP8, parameters: { }, scalability_modes: [L1T1, L1T2, L1T3]
[13832:19144:0604/165917.577:INFO:third_party\webrtc\api\video_codecs\sdp_video_format.cc:291] Matched SdpVideoFormat Codec name: vp8, parameters: { } with Codec name: VP8, parameters: { }, scalability_modes: [L1T1, L1T2, L1T3]
[13832:19144:0604/165917.577:INFO:third_party\webrtc\api\video_codecs\sdp_video_format.cc:291] Matched SdpVideoFormat Codec name: h264, parameters: { } with Codec name: H264, parameters: { level-asymmetry-allowed=1 packetization-mode=1 profile-level-id=42001f }, scalability_modes: [L1T1, L1T2, L1T3]
[13832:19144:0604/165917.577:INFO:third_party\webrtc\api\video_codecs\sdp_video_format.cc:289] Failed to match SdpVideoFormat Codec name: h265, parameters: { }
[13832:19144:0604/165917.577:INFO:third_party\webrtc\api\video_codecs\sdp_video_format.cc:289] Failed to match SdpVideoFormat Codec name: h265, parameters: { }
[13832:19144:0604/165917.577:INFO:third_party\webrtc\api\video_codecs\sdp_video_format.cc:291] Matched SdpVideoFormat Codec name: av1, parameters: { } with Codec name: AV1, parameters: { level-idx=5 profile=0 tier=0 }, scalability_modes: [L1T1, L1T2, L1T3, L2T1, L2T1h, L2T1_KEY, L2T2, L2T2h, L2T2_KEY, L2T2_KEY_SHIFT, L2T3, L2T3h, L2T3_KEY, L3T1, L3T1h, L3T1_KEY, L3T2, L3T2h, L3T2_KEY, L3T3, L3T3h, L3T3_KEY, S2T1, S2T1h, S2T2, S2T2h, S2T3, S2T3h, S3T1, S3T1h, S3T2, S3T2h, S3T3, S3T3h]
[18492:17616:0604/165917.612:WARNING:chrome\browser\media\prefs\capture_device_ranking.h:255] Can't initialize the value of media.audio_input.user_preference_ranking because media.default_audio_capture_device isn't registered or is empty
[18492:17616:0604/165917.612:WARNING:chrome\browser\media\prefs\capture_device_ranking.h:255] Can't initialize the value of media.video_input.user_preference_ranking because media.default_video_capture_Device isn't registered or is empty
[13832:21560:0604/165917.694:INFO:third_party\blink\renderer\modules\peerconnection\peer_connection_dependency_factory.cc:802] Running WebRTC with a combined Network and Worker thread.
[13832:21560:0604/165917.694:INFO:third_party\webrtc\media\engine\webrtc_voice_engine.cc:474] WebRtcVoiceEngine::WebRtcVoiceEngine
[13832:26352:0604/165917.694:INFO:third_party\webrtc\media\engine\webrtc_voice_engine.cc:496] WebRtcVoiceEngine::Init
[13832:26352:0604/165917.695:INFO:third_party\webrtc\media\engine\webrtc_voice_engine.cc:599] WebRtcVoiceEngine::ApplyOptions: AudioOptions {aec: 1, agc: 1, ns: 1, hf: 1, swap: 0, audio_jitter_buffer_max_packets: 200, audio_jitter_buffer_fast_accelerate: 0, audio_jitter_buffer_min_delay_ms: 0, }
[13832:21560:0604/165917.695:INFO:third_party\webrtc\media\base\codec.cc:387] Explicitly added H264 constrained baseline to list of supported formats.
[13832:26352:0604/165917.696:INFO:third_party\webrtc\pc\peer_connection_factory.cc:393] Using default network controller factory
[13832:26352:0604/165917.696:INFO:third_party\webrtc\modules\pacing\bitrate_prober.cc:54] Bandwidth probing enabled, set to inactive
[13832:26352:0604/165917.696:INFO:third_party\webrtc\modules\remote_bitrate_estimator\transport_sequence_number_feedback_generator.cc:52] Maximum interval between transport feedback RTCP messages: 250 ms
[13832:26352:0604/165917.696:INFO:third_party\webrtc\modules\remote_bitrate_estimator\aimd_rate_control.cc:88] Using aimd rate control with back off factor 0.85
[13832:26352:0604/165917.696:INFO:third_party\webrtc\modules\remote_bitrate_estimator\remote_bitrate_estimator_single_stream.cc:59] RemoteBitrateEstimatorSingleStream: Instantiating.
[13832:21560:0604/165917.696:INFO:third_party\webrtc\media\base\codec.cc:387] Explicitly added H264 constrained baseline to list of supported formats.
[13832:26352:0604/165917.696:INFO:third_party\webrtc\rtc_base\openssl_key_pair.cc:40] Making key pair
[13832:26352:0604/165917.696:INFO:third_party\webrtc\rtc_base\openssl_key_pair.cc:93] Returning key pair
[13832:26352:0604/165917.696:INFO:third_party\webrtc\rtc_base\boringssl_certificate.cc:193] Making certificate for WebRTC
[13832:26352:0604/165917.696:INFO:third_party\webrtc\rtc_base\boringssl_certificate.cc:249] Returning certificate
[13832:21560:0604/165917.696:INFO:third_party\webrtc\media\base\codec.cc:387] Explicitly added H264 constrained baseline to list of supported formats.
[13832:21560:0604/165917.697:INFO:third_party\webrtc\pc\peer_connection.cc:1106] Adding video transceiver in response to a call to AddTransceiver.
[13832:21560:0604/165917.698:INFO:third_party\webrtc\pc\sdp_offer_answer.cc:3071] Session: 5686488207473955805 Old state: stable New state: closed
[18492:17616:0604/165917.854:WARNING:chrome\browser\media\prefs\capture_device_ranking.h:255] Can't initialize the value of media.audio_input.user_preference_ranking because media.default_audio_capture_device isn't registered or is empty
[18492:17616:0604/165917.854:WARNING:chrome\browser\media\prefs\capture_device_ranking.h:255] Can't initialize the value of media.video_input.user_preference_ranking because media.default_video_capture_Device isn't registered or is empty
[18492:17616:0604/165917.901:INFO:CONSOLE:4082] "Uncaught (in promise) ConnectError: startupCode: 200, error = {
  statusCode = 403
  status = {
    Tj = {
      0 = 7
      1 = "The caller does not have permission"
      closure_uid_982014816 = 9
    }
    closure_uid_982014816 = 8
    yc = "v3Bbmc"
  }
  extraData = {
    ozb = 39
    I2b = undefined
    closure_uid_982014816 = 10
  }
  name = "GrpcErrorResponse"
  headers = {
    alt-svc = "h3=":443"; ma=2592000,h3-29=":443"; ma=2592000"
    content-encoding = "gzip"
    content-length = "59"
    content-type = "application/x-protobuf"
    date = "Wed, 04 Jun 2025 11:29:16 GMT"
    server = "ESF"
    vary = "Origin, X-Origin, Referer"
    x-content-type-options = "nosniff"
    x-frame-options = "SAMEORIGIN"
    x-l2-request-path = "l2-managed-9"
    x-xss-protection = "0"
    closure_uid_982014816 = 11
  }
  closure_uid_982014816 = 7
}", source: https://meet.google.com/_/scs/mss-static/_/js/k=boq-rtc.MeetingsUi.en_US.d1O4ZDaytYQ.2020.O/ck=boq-rtc.MeetingsUi.ClgNtsH58os.L.B1.O/am=6t2SgJwGEQCA8TjAKBAAQKBoI1JjGKAAACAPDgABDAAAAITAAEojAACQGwAAGIiv9ZnwmsA4gAE/d=1/exm=LEikZe,_b,_tp,byfTOb,lsjVmc/excm=_b,_tp,calldesktoppageview/ed=1/br=1/wt=2/ujg=1/rs=AL5CKSFhLA4IQeBwe5eWP85Sm9km_Mmajw/ee=AM9HZd:vCak4b;BK4xnc:aLbsjd;BjCzpe:Yvr34d;Bnf5Lc:iPDrZd;CMRktf:ZW5KY;DGWCxb:CgYiQ;E1tgbf:hMxPK;EAoUvb:aKikzb;EVNhjf:pw70Gc;EfKZq:QO2YB;EmZ2Bf:zr1jrb;GKUnZb:cVkoff;GmdGTd:Ct4wsb;IXc14:eHmsLe;J9XQCb:QxciMb;JLGZx:oSnDHf;JsINff:j38I5b;JsbNhc:Xd8iUd;K5nYTd:ZDZcre;KKym4b:wA3hpc;KNpT6b:iSCite;KgXQpf:pQJdrb;LBgRLc:SdcwHb;LQJKcd:WuS5Ye;MJ6mxb:ubdYZ;Me32dd:MEeYgc;N8ehxe:AKukpf;NAHCGe:mxiOOb;NJ1rfe:qTnoBf;NPKaK:SdcwHb;NSEoX:lazG7b;OOoYAb:Oj9pPe;PRDQhf:ux3mLc;PgXDBd:dm1dhc;Pjplud:EEDORb;QGR0gd:Mlhmy;QhhnXd:UqJYYe;RRwdt:gGRuRe;RYWUUc:anescc;Rh5nIc:JScXmc;SIjcAd:jrKD8b;SL22ab:CBRamd;SNUn3:ZwDk9d;SVOR2e:RqS4qe;SVvzme:BPB8ib;ScI3Yc:e7Hzgb;Szy1cf:nBpGQ;TB8xhd:AGa58c;ULs67c:bdUBJc;Up9aO:kY43Sc;Uvc8o:VDovNc;V7j7Sb:stsTjb;VJwZIe:q5U1uf;X6zUkd:u0z0vd;XSYl9e:GNVVIb;YBlgBf:LMo5Id;YIZmRd:A1yn5d;Ycdno:rkQZze;YfZO5c:CVuqWd;ZE1Tgd:rNScwd;ZGeKvd:rb5w8b;ZT1aHd:g7FNPe;ZaFVgc:wOWhl;ZjyI3e:W2v6fc;a56pNe:JEfCwb;aPdIxb:F52gIc;bS8oAe:Kimhwf;brg6Gd:TlvL3b;cEt90b:ws9Tlc;cFl0Ie:PWJipc;cJj1Kd:A5k23d;cYTQve:GhXhl;cgbTHc:G8ycZ;d91XDb:tjhtsb;dDPGef:kDKsbe;dIoSBb:SpsfSb;dYFttf:ZRxAzc;dowIGb:ebZ3mb;eBAeSb:zbML3c;esl3oe:Qz2vJf;fh9ycc:gHNvKb;g2wfV:DcDVld;gAClPb:ghdkwd;hgud7d:GNh0Qc;hoquJe:EjBUIf;iFQyKf:QIhFr;iKsOgb:cWjcJb;jRrT5d:EHUI2d;jtBjNe:dWHZee;kNqx7b:gzp7wb;kqpyR:qIJF2;l4RAwd:h5Fnie;l6twR:Fvyyad;lOO0Vd:OTA3Ae;m4bwx:htQxyf;oFd48c:l7VM1e;oGtAuc:sOXFj;oJejCf:u1kdYb;p0iB4:VQhtq;pXdRYb:MdUzUe;qSBODf:H8X5pc;qafBPd:yDVVkb;qddgKe:xQtZb;qgOdad:vko54d;rWx8Cc:oJTSrd;rarsed:Mb2qyd;rpiri:tZyrxe;sgnAWd:HkSoT;ssiZFc:BhQ85d;tbg2ob:nMC03e;vKM7Jb:cWjcJb;wR5FRb:O1Gjze;x2i2de:zeWni;x4CZme:lCtfC;xbOSgd:e5G55;xqZiqf:wmnU7d;ye9FMd:KC9GA;yxTchf:KUM7Z;zBvUNc:fT8Mbb;zJxI2:kxz7Nb;zxnPse:GkRiKb/m=ws9Tlc,n73qwf,aW3pY,GkRiKb,e5qFLc,IZT63,UUJqVe,O1Gjze,xUdipf,ZDZcre,OTA3Ae,ZwDk9d,RyvaUb,mI3LFb,XU5LFb,m9oV,hl,P6sQOc,QcfBve,mzzZzc,rCcCxc,mSX26d,WO9ee,JGjVRe,ncpZGe,CJeEuc,en2VH,ALJJub,kRDR8c,H9H6ie,sszRX,FU117c,QQnX0,uHu91b,kgMFLe,hKCjub,O6y8ed,PrPYRd,MpJwZc,NwH0H,V3dDOb,lazG7b,Ivl8bd,g9HNd,XVMNvd,KUM7Z,Fl2dbf,qTnoBf,lwddkf,gychg,w9hDv,RMhBfe,SdcwHb,texUgd,pw70Gc,EFQ78c,Ulmmrd,A7fCU,mdR7q,wmnU7d,xQtZb,FSOnAf,gJzDyc,JNoxi,MI6k7c,kjKdXe,BVgquf,QIhFr,lfpdyf,hKSk3e,hc6Ubd,SpsfSb,Z5uLle,MdUzUe,zbML3c,zr1jrb,Uas9Hd,pjICDe?wli=MeetingsUi.WYMG7zyDiH8.loadAudioAnalyzer.O%3A%3BMeetingsUi.ZUe_WygnDrA.loadAudioEncoder.O%3A%3BMeetingsUi.HRu6AvYjJUg.loadNetEqLyraWrapper.O%3A%3BMeetingsUi.4-dsGPOypMg.loadNetEqWrapper.O%3A%3B (4082)
[18492:17616:0604/165918.022:INFO:CONSOLE:47] "Uncaught (in promise) ConnectError: startupCode: 200, error = {
  statusCode = 403
  status = {
    Tj = {
      0 = 7
      1 = "The caller does not have permission"
      closure_uid_982014816 = 9
    }
    closure_uid_982014816 = 8
    yc = "v3Bbmc"
  }
  extraData = {
    ozb = 39
    I2b = undefined
    closure_uid_982014816 = 10
  }
  name = "GrpcErrorResponse"
  headers = {
    alt-svc = "h3=":443"; ma=2592000,h3-29=":443"; ma=2592000"
    content-encoding = "gzip"
    content-length = "59"
    content-type = "application/x-protobuf"
    date = "Wed, 04 Jun 2025 11:29:16 GMT"
    server = "ESF"
    vary = "Origin, X-Origin, Referer"
    x-content-type-options = "nosniff"
    x-frame-options = "SAMEORIGIN"
    x-l2-request-path = "l2-managed-9"
    x-xss-protection = "0"
    closure_uid_982014816 = 11
  }
  closure_uid_982014816 = 7
}", source: https://meet.google.com/_/scs/mss-static/_/js/k=boq-rtc.MeetingsUi.en_US.d1O4ZDaytYQ.2020.O/ck=boq-rtc.MeetingsUi.ClgNtsH58os.L.B1.O/am=6t2SgJwGEQCA8TjAKBAAQKBoI1JjGKAAACAPDgABDAAAAITAAEojAACQGwAAGIiv9ZnwmsA4gAE/d=1/exm=A4UTCb,A5iG7e,A7fCU,ALJJub,Af18Qe,Af2VCc,AqUZy,BVgquf,CDstLe,CJeEuc,CrPWbe,DqbA0b,EFQ78c,EmRN4e,FSOnAf,FU117c,Fl2dbf,GJVpQd,GkRiKb,H9H6ie,I4aMuc,IHpeje,INwHbf,IZT63,Ivl8bd,J9PVmc,JGjVRe,JNoxi,JceZD,K4NgS,KMpyYe,KUM7Z,KjTKQe,KoMQTe,LBaJxb,LEikZe,LvGhrf,MH0hJe,MI6k7c,MVkoYc,MdUzUe,MpJwZc,NwH0H,O1Gjze,O626Fe,O6y8ed,OMHQQd,OTA3Ae,Ot0YQ,P6sQOc,PAXA6c,PkooVe,PrPYRd,QIBHcd,QIhFr,QOUFuc,QQnX0,QcfBve,Qx89kd,R1C50e,RMhBfe,RiINWe,RqjULd,RwrTe,RyEXJc,RyvaUb,SdcwHb,SpsfSb,UUJqVe,Uas9Hd,UcUJif,UiD6Zb,Ulmmrd,V3dDOb,VXdfxd,W4c4Lb,WO9ee,WdGZAb,XCoqFe,XU5LFb,XVMNvd,XhPxYe,Z5uLle,ZDZcre,Zj6VZd,ZwDk9d,_b,_tp,aCBidb,aW3pY,byfTOb,cQllkb,ceF0cf,cfcnLe,d8M4Mc,dtQcwe,dyDNGc,e5qFLc,en2VH,fjbyL,g9HNd,gJzDyc,gychg,hIO81e,hItSFb,hKCjub,hKSk3e,hS0dzd,hc6Ubd,hl,i8oNZb,ix2CXc,kRDR8c,keNb9b,kgMFLe,kjKdXe,lazG7b,lfpdyf,lsjVmc,lwddkf,m9oV,mI3LFb,mSX26d,mdR7q,mzzZzc,n73qwf,ncpZGe,nokbA,o72XM,oJz28e,oL8w7b,oNfeAd,oSEAfc,oc9Zo,p3hmRc,pA398e,pjICDe,pvxRAf,pw70Gc,q0xTif,q54pYe,qTnoBf,qUYJve,rCcCxc,rGxly,rm2zn,sOXFj,sszRX,tLr4ud,texUgd,uHu91b,v3i0Z,vDQ4Qd,vcMNpd,vyDpFd,w4Dafe,w9hDv,wdAvhd,wmnU7d,ws9Tlc,xQtZb,xUdipf,xXfMPe,yHo95e,yf5KH,zbML3c,zj6ZKd,zr1jrb,zsrBvd/excm=_b,_tp,calldesktoppageview/ed=1/br=1/wt=2/ujg=1/rs=AL5CKSFhLA4IQeBwe5eWP85Sm9km_Mmajw/ee=AM9HZd:vCak4b;BK4xnc:aLbsjd;BjCzpe:Yvr34d;Bnf5Lc:iPDrZd;CMRktf:ZW5KY;DGWCxb:CgYiQ;E1tgbf:hMxPK;EAoUvb:aKikzb;EVNhjf:pw70Gc;EfKZq:QO2YB;EmZ2Bf:zr1jrb;GKUnZb:cVkoff;GmdGTd:Ct4wsb;IXc14:eHmsLe;J9XQCb:QxciMb;JLGZx:oSnDHf;JsINff:j38I5b;JsbNhc:Xd8iUd;K5nYTd:ZDZcre;KKym4b:wA3hpc;KNpT6b:iSCite;KgXQpf:pQJdrb;LBgRLc:SdcwHb;LQJKcd:WuS5Ye;MJ6mxb:ubdYZ;Me32dd:MEeYgc;N8ehxe:AKukpf;NAHCGe:mxiOOb;NJ1rfe:qTnoBf;NPKaK:SdcwHb;NSEoX:lazG7b;OOoYAb:Oj9pPe;PRDQhf:ux3mLc;PgXDBd:dm1dhc;Pjplud:EEDORb;QGR0gd:Mlhmy;QhhnXd:UqJYYe;RRwdt:gGRuRe;RYWUUc:anescc;Rh5nIc:JScXmc;SIjcAd:jrKD8b;SL22ab:CBRamd;SNUn3:ZwDk9d;SVOR2e:RqS4qe;SVvzme:BPB8ib;ScI3Yc:e7Hzgb;Szy1cf:nBpGQ;TB8xhd:AGa58c;ULs67c:bdUBJc;Up9aO:kY43Sc;Uvc8o:VDovNc;V7j7Sb:stsTjb;VJwZIe:q5U1uf;X6zUkd:u0z0vd;XSYl9e:GNVVIb;YBlgBf:LMo5Id;YIZmRd:A1yn5d;Ycdno:rkQZze;YfZO5c:CVuqWd;ZE1Tgd:rNScwd;ZGeKvd:rb5w8b;ZT1aHd:g7FNPe;ZaFVgc:wOWhl;ZjyI3e:W2v6fc;a56pNe:JEfCwb;aPdIxb:F52gIc;bS8oAe:Kimhwf;brg6Gd:TlvL3b;cEt90b:ws9Tlc;cFl0Ie:PWJipc;cJj1Kd:A5k23d;cYTQve:GhXhl;cgbTHc:G8ycZ;d91XDb:tjhtsb;dDPGef:kDKsbe;dIoSBb:SpsfSb;dYFttf:ZRxAzc;dowIGb:ebZ3mb;eBAeSb:zbML3c;esl3oe:Qz2vJf;fh9ycc:gHNvKb;g2wfV:DcDVld;gAClPb:ghdkwd;hgud7d:GNh0Qc;hoquJe:EjBUIf;iFQyKf:QIhFr;iKsOgb:cWjcJb;jRrT5d:EHUI2d;jtBjNe:dWHZee;kNqx7b:gzp7wb;kqpyR:qIJF2;l4RAwd:h5Fnie;l6twR:Fvyyad;lOO0Vd:OTA3Ae;m4bwx:htQxyf;oFd48c:l7VM1e;oGtAuc:sOXFj;oJejCf:u1kdYb;p0iB4:VQhtq;pXdRYb:MdUzUe;qSBODf:H8X5pc;qafBPd:yDVVkb;qddgKe:xQtZb;qgOdad:vko54d;rWx8Cc:oJTSrd;rarsed:Mb2qyd;rpiri:tZyrxe;sgnAWd:HkSoT;ssiZFc:BhQ85d;tbg2ob:nMC03e;vKM7Jb:cWjcJb;wR5FRb:O1Gjze;x2i2de:zeWni;x4CZme:lCtfC;xbOSgd:e5G55;xqZiqf:wmnU7d;ye9FMd:KC9GA;yxTchf:KUM7Z;zBvUNc:fT8Mbb;zJxI2:kxz7Nb;zxnPse:GkRiKb/m=BVUWTe?wli=MeetingsUi.WYMG7zyDiH8.loadAudioAnalyzer.O%3A%3BMeetingsUi.ZUe_WygnDrA.loadAudioEncoder.O%3A%3BMeetingsUi.HRu6AvYjJUg.loadNetEqLyraWrapper.O%3A%3BMeetingsUi.4-dsGPOypMg.loadNetEqWrapper.O%3A%3B (47)
[18492:17616:0604/165918.023:INFO:CONSOLE:583] "Uncaught (in promise) ConnectError: startupCode: 200, error = {
  statusCode = 403
  status = {
    Tj = {
      0 = 7
      1 = "The caller does not have permission"
      closure_uid_982014816 = 9
    }
    closure_uid_982014816 = 8
    yc = "v3Bbmc"
  }
  extraData = {
    ozb = 39
    I2b = undefined
    closure_uid_982014816 = 10
  }
  name = "GrpcErrorResponse"
  headers = {
    alt-svc = "h3=":443"; ma=2592000,h3-29=":443"; ma=2592000"
    content-encoding = "gzip"
    content-length = "59"
    content-type = "application/x-protobuf"
    date = "Wed, 04 Jun 2025 11:29:16 GMT"
    server = "ESF"
    vary = "Origin, X-Origin, Referer"
    x-content-type-options = "nosniff"
    x-frame-options = "SAMEORIGIN"
    x-l2-request-path = "l2-managed-9"
    x-xss-protection = "0"
    closure_uid_982014816 = 11
  }
  closure_uid_982014816 = 7
}", source: https://meet.google.com/_/scs/mss-static/_/js/k=boq-rtc.MeetingsUi.en_US.d1O4ZDaytYQ.2020.O/ck=boq-rtc.MeetingsUi.ClgNtsH58os.L.B1.O/am=6t2SgJwGEQCA8TjAKBAAQKBoI1JjGKAAACAPDgABDAAAAITAAEojAACQGwAAGIiv9ZnwmsA4gAE/d=1/exm=A4UTCb,A5iG7e,A7fCU,ALJJub,Af18Qe,Af2VCc,AqUZy,BVgquf,CDstLe,CJeEuc,CrPWbe,DqbA0b,EFQ78c,EmRN4e,FSOnAf,FU117c,Fl2dbf,GJVpQd,GkRiKb,H9H6ie,I4aMuc,IHpeje,INwHbf,IZT63,Ivl8bd,J9PVmc,JGjVRe,JNoxi,JceZD,K4NgS,KMpyYe,KUM7Z,KjTKQe,KoMQTe,LBaJxb,LEikZe,LvGhrf,MH0hJe,MI6k7c,MVkoYc,MdUzUe,MpJwZc,NwH0H,O1Gjze,O626Fe,O6y8ed,OMHQQd,OTA3Ae,Ot0YQ,P6sQOc,PAXA6c,PkooVe,PrPYRd,QIBHcd,QIhFr,QOUFuc,QQnX0,QcfBve,Qx89kd,R1C50e,RMhBfe,RiINWe,RqjULd,RwrTe,RyEXJc,RyvaUb,SdcwHb,SpsfSb,UUJqVe,Uas9Hd,UcUJif,UiD6Zb,Ulmmrd,V3dDOb,VXdfxd,W4c4Lb,WO9ee,WdGZAb,XCoqFe,XU5LFb,XVMNvd,XhPxYe,Z5uLle,ZDZcre,Zj6VZd,ZwDk9d,_b,_tp,aCBidb,aW3pY,byfTOb,cQllkb,ceF0cf,cfcnLe,d8M4Mc,dtQcwe,dyDNGc,e5qFLc,en2VH,fjbyL,g9HNd,gJzDyc,gychg,hIO81e,hItSFb,hKCjub,hKSk3e,hS0dzd,hc6Ubd,hl,i8oNZb,ix2CXc,kRDR8c,keNb9b,kgMFLe,kjKdXe,lazG7b,lfpdyf,lsjVmc,lwddkf,m9oV,mI3LFb,mSX26d,mdR7q,mzzZzc,n73qwf,ncpZGe,nokbA,o72XM,oJz28e,oL8w7b,oNfeAd,oSEAfc,oc9Zo,p3hmRc,pA398e,pjICDe,pvxRAf,pw70Gc,q0xTif,q54pYe,qTnoBf,qUYJve,rCcCxc,rGxly,rm2zn,sOXFj,sszRX,tLr4ud,texUgd,uHu91b,v3i0Z,vDQ4Qd,vcMNpd,vyDpFd,w4Dafe,w9hDv,wdAvhd,wmnU7d,ws9Tlc,xQtZb,xUdipf,xXfMPe,yHo95e,yf5KH,zbML3c,zj6ZKd,zr1jrb,zsrBvd/excm=_b,_tp,calldesktoppageview/ed=1/br=1/wt=2/ujg=1/rs=AL5CKSFhLA4IQeBwe5eWP85Sm9km_Mmajw/ee=AM9HZd:vCak4b;BK4xnc:aLbsjd;BjCzpe:Yvr34d;Bnf5Lc:iPDrZd;CMRktf:ZW5KY;DGWCxb:CgYiQ;E1tgbf:hMxPK;EAoUvb:aKikzb;EVNhjf:pw70Gc;EfKZq:QO2YB;EmZ2Bf:zr1jrb;GKUnZb:cVkoff;GmdGTd:Ct4wsb;IXc14:eHmsLe;J9XQCb:QxciMb;JLGZx:oSnDHf;JsINff:j38I5b;JsbNhc:Xd8iUd;K5nYTd:ZDZcre;KKym4b:wA3hpc;KNpT6b:iSCite;KgXQpf:pQJdrb;LBgRLc:SdcwHb;LQJKcd:WuS5Ye;MJ6mxb:ubdYZ;Me32dd:MEeYgc;N8ehxe:AKukpf;NAHCGe:mxiOOb;NJ1rfe:qTnoBf;NPKaK:SdcwHb;NSEoX:lazG7b;OOoYAb:Oj9pPe;PRDQhf:ux3mLc;PgXDBd:dm1dhc;Pjplud:EEDORb;QGR0gd:Mlhmy;QhhnXd:UqJYYe;RRwdt:gGRuRe;RYWUUc:anescc;Rh5nIc:JScXmc;SIjcAd:jrKD8b;SL22ab:CBRamd;SNUn3:ZwDk9d;SVOR2e:RqS4qe;SVvzme:BPB8ib;ScI3Yc:e7Hzgb;Szy1cf:nBpGQ;TB8xhd:AGa58c;ULs67c:bdUBJc;Up9aO:kY43Sc;Uvc8o:VDovNc;V7j7Sb:stsTjb;VJwZIe:q5U1uf;X6zUkd:u0z0vd;XSYl9e:GNVVIb;YBlgBf:LMo5Id;YIZmRd:A1yn5d;Ycdno:rkQZze;YfZO5c:CVuqWd;ZE1Tgd:rNScwd;ZGeKvd:rb5w8b;ZT1aHd:g7FNPe;ZaFVgc:wOWhl;ZjyI3e:W2v6fc;a56pNe:JEfCwb;aPdIxb:F52gIc;bS8oAe:Kimhwf;brg6Gd:TlvL3b;cEt90b:ws9Tlc;cFl0Ie:PWJipc;cJj1Kd:A5k23d;cYTQve:GhXhl;cgbTHc:G8ycZ;d91XDb:tjhtsb;dDPGef:kDKsbe;dIoSBb:SpsfSb;dYFttf:ZRxAzc;dowIGb:ebZ3mb;eBAeSb:zbML3c;esl3oe:Qz2vJf;fh9ycc:gHNvKb;g2wfV:DcDVld;gAClPb:ghdkwd;hgud7d:GNh0Qc;hoquJe:EjBUIf;iFQyKf:QIhFr;iKsOgb:cWjcJb;jRrT5d:EHUI2d;jtBjNe:dWHZee;kNqx7b:gzp7wb;kqpyR:qIJF2;l4RAwd:h5Fnie;l6twR:Fvyyad;lOO0Vd:OTA3Ae;m4bwx:htQxyf;oFd48c:l7VM1e;oGtAuc:sOXFj;oJejCf:u1kdYb;p0iB4:VQhtq;pXdRYb:MdUzUe;qSBODf:H8X5pc;qafBPd:yDVVkb;qddgKe:xQtZb;qgOdad:vko54d;rWx8Cc:oJTSrd;rarsed:Mb2qyd;rpiri:tZyrxe;sgnAWd:HkSoT;ssiZFc:BhQ85d;tbg2ob:nMC03e;vKM7Jb:cWjcJb;wR5FRb:O1Gjze;x2i2de:zeWni;x4CZme:lCtfC;xbOSgd:e5G55;xqZiqf:wmnU7d;ye9FMd:KC9GA;yxTchf:KUM7Z;zBvUNc:fT8Mbb;zJxI2:kxz7Nb;zxnPse:GkRiKb/m=BVUWTe?wli=MeetingsUi.WYMG7zyDiH8.loadAudioAnalyzer.O%3A%3BMeetingsUi.ZUe_WygnDrA.loadAudioEncoder.O%3A%3BMeetingsUi.HRu6AvYjJUg.loadNetEqLyraWrapper.O%3A%3BMeetingsUi.4-dsGPOypMg.loadNetEqWrapper.O%3A%3B (583)
[18492:17616:0604/165918.043:WARNING:chrome\browser\media\prefs\capture_device_ranking.h:255] Can't initialize the value of media.audio_input.user_preference_ranking because media.default_audio_capture_device isn't registered or is empty
[18492:17616:0604/165918.043:WARNING:chrome\browser\media\prefs\capture_device_ranking.h:255] Can't initialize the value of media.video_input.user_preference_ranking because media.default_video_capture_Device isn't registered or is empty
[18492:17616:0604/165918.069:INFO:CONSOLE:2398] "Uncaught (in promise) CustomError: Zg", source: https://meet.google.com/_/scs/mss-static/_/js/k=boq-rtc.MeetingsUi.en_US.d1O4ZDaytYQ.2020.O/ck=boq-rtc.MeetingsUi.ClgNtsH58os.L.B1.O/am=6t2SgJwGEQCA8TjAKBAAQKBoI1JjGKAAACAPDgABDAAAAITAAEojAACQGwAAGIiv9ZnwmsA4gAE/d=1/exm=LEikZe,_b,_tp,byfTOb,lsjVmc/excm=_b,_tp,calldesktoppageview/ed=1/br=1/wt=2/ujg=1/rs=AL5CKSFhLA4IQeBwe5eWP85Sm9km_Mmajw/ee=AM9HZd:vCak4b;BK4xnc:aLbsjd;BjCzpe:Yvr34d;Bnf5Lc:iPDrZd;CMRktf:ZW5KY;DGWCxb:CgYiQ;E1tgbf:hMxPK;EAoUvb:aKikzb;EVNhjf:pw70Gc;EfKZq:QO2YB;EmZ2Bf:zr1jrb;GKUnZb:cVkoff;GmdGTd:Ct4wsb;IXc14:eHmsLe;J9XQCb:QxciMb;JLGZx:oSnDHf;JsINff:j38I5b;JsbNhc:Xd8iUd;K5nYTd:ZDZcre;KKym4b:wA3hpc;KNpT6b:iSCite;KgXQpf:pQJdrb;LBgRLc:SdcwHb;LQJKcd:WuS5Ye;MJ6mxb:ubdYZ;Me32dd:MEeYgc;N8ehxe:AKukpf;NAHCGe:mxiOOb;NJ1rfe:qTnoBf;NPKaK:SdcwHb;NSEoX:lazG7b;OOoYAb:Oj9pPe;PRDQhf:ux3mLc;PgXDBd:dm1dhc;Pjplud:EEDORb;QGR0gd:Mlhmy;QhhnXd:UqJYYe;RRwdt:gGRuRe;RYWUUc:anescc;Rh5nIc:JScXmc;SIjcAd:jrKD8b;SL22ab:CBRamd;SNUn3:ZwDk9d;SVOR2e:RqS4qe;SVvzme:BPB8ib;ScI3Yc:e7Hzgb;Szy1cf:nBpGQ;TB8xhd:AGa58c;ULs67c:bdUBJc;Up9aO:kY43Sc;Uvc8o:VDovNc;V7j7Sb:stsTjb;VJwZIe:q5U1uf;X6zUkd:u0z0vd;XSYl9e:GNVVIb;YBlgBf:LMo5Id;YIZmRd:A1yn5d;Ycdno:rkQZze;YfZO5c:CVuqWd;ZE1Tgd:rNScwd;ZGeKvd:rb5w8b;ZT1aHd:g7FNPe;ZaFVgc:wOWhl;ZjyI3e:W2v6fc;a56pNe:JEfCwb;aPdIxb:F52gIc;bS8oAe:Kimhwf;brg6Gd:TlvL3b;cEt90b:ws9Tlc;cFl0Ie:PWJipc;cJj1Kd:A5k23d;cYTQve:GhXhl;cgbTHc:G8ycZ;d91XDb:tjhtsb;dDPGef:kDKsbe;dIoSBb:SpsfSb;dYFttf:ZRxAzc;dowIGb:ebZ3mb;eBAeSb:zbML3c;esl3oe:Qz2vJf;fh9ycc:gHNvKb;g2wfV:DcDVld;gAClPb:ghdkwd;hgud7d:GNh0Qc;hoquJe:EjBUIf;iFQyKf:QIhFr;iKsOgb:cWjcJb;jRrT5d:EHUI2d;jtBjNe:dWHZee;kNqx7b:gzp7wb;kqpyR:qIJF2;l4RAwd:h5Fnie;l6twR:Fvyyad;lOO0Vd:OTA3Ae;m4bwx:htQxyf;oFd48c:l7VM1e;oGtAuc:sOXFj;oJejCf:u1kdYb;p0iB4:VQhtq;pXdRYb:MdUzUe;qSBODf:H8X5pc;qafBPd:yDVVkb;qddgKe:xQtZb;qgOdad:vko54d;rWx8Cc:oJTSrd;rarsed:Mb2qyd;rpiri:tZyrxe;sgnAWd:HkSoT;ssiZFc:BhQ85d;tbg2ob:nMC03e;vKM7Jb:cWjcJb;wR5FRb:O1Gjze;x2i2de:zeWni;x4CZme:lCtfC;xbOSgd:e5G55;xqZiqf:wmnU7d;ye9FMd:KC9GA;yxTchf:KUM7Z;zBvUNc:fT8Mbb;zJxI2:kxz7Nb;zxnPse:GkRiKb/m=ws9Tlc,n73qwf,aW3pY,GkRiKb,e5qFLc,IZT63,UUJqVe,O1Gjze,xUdipf,ZDZcre,OTA3Ae,ZwDk9d,RyvaUb,mI3LFb,XU5LFb,m9oV,hl,P6sQOc,QcfBve,mzzZzc,rCcCxc,mSX26d,WO9ee,JGjVRe,ncpZGe,CJeEuc,en2VH,ALJJub,kRDR8c,H9H6ie,sszRX,FU117c,QQnX0,uHu91b,kgMFLe,hKCjub,O6y8ed,PrPYRd,MpJwZc,NwH0H,V3dDOb,lazG7b,Ivl8bd,g9HNd,XVMNvd,KUM7Z,Fl2dbf,qTnoBf,lwddkf,gychg,w9hDv,RMhBfe,SdcwHb,texUgd,pw70Gc,EFQ78c,Ulmmrd,A7fCU,mdR7q,wmnU7d,xQtZb,FSOnAf,gJzDyc,JNoxi,MI6k7c,kjKdXe,BVgquf,QIhFr,lfpdyf,hKSk3e,hc6Ubd,SpsfSb,Z5uLle,MdUzUe,zbML3c,zr1jrb,Uas9Hd,pjICDe?wli=MeetingsUi.WYMG7zyDiH8.loadAudioAnalyzer.O%3A%3BMeetingsUi.ZUe_WygnDrA.loadAudioEncoder.O%3A%3BMeetingsUi.HRu6AvYjJUg.loadNetEqLyraWrapper.O%3A%3BMeetingsUi.4-dsGPOypMg.loadNetEqWrapper.O%3A%3B (2398)
[18492:17616:0604/165918.069:INFO:CONSOLE:4081] "Uncaught (in promise) DisconnectedError: DisconnectedError, EndCause = 72", source: https://meet.google.com/_/scs/mss-static/_/js/k=boq-rtc.MeetingsUi.en_US.d1O4ZDaytYQ.2020.O/ck=boq-rtc.MeetingsUi.ClgNtsH58os.L.B1.O/am=6t2SgJwGEQCA8TjAKBAAQKBoI1JjGKAAACAPDgABDAAAAITAAEojAACQGwAAGIiv9ZnwmsA4gAE/d=1/exm=LEikZe,_b,_tp,byfTOb,lsjVmc/excm=_b,_tp,calldesktoppageview/ed=1/br=1/wt=2/ujg=1/rs=AL5CKSFhLA4IQeBwe5eWP85Sm9km_Mmajw/ee=AM9HZd:vCak4b;BK4xnc:aLbsjd;BjCzpe:Yvr34d;Bnf5Lc:iPDrZd;CMRktf:ZW5KY;DGWCxb:CgYiQ;E1tgbf:hMxPK;EAoUvb:aKikzb;EVNhjf:pw70Gc;EfKZq:QO2YB;EmZ2Bf:zr1jrb;GKUnZb:cVkoff;GmdGTd:Ct4wsb;IXc14:eHmsLe;J9XQCb:QxciMb;JLGZx:oSnDHf;JsINff:j38I5b;JsbNhc:Xd8iUd;K5nYTd:ZDZcre;KKym4b:wA3hpc;KNpT6b:iSCite;KgXQpf:pQJdrb;LBgRLc:SdcwHb;LQJKcd:WuS5Ye;MJ6mxb:ubdYZ;Me32dd:MEeYgc;N8ehxe:AKukpf;NAHCGe:mxiOOb;NJ1rfe:qTnoBf;NPKaK:SdcwHb;NSEoX:lazG7b;OOoYAb:Oj9pPe;PRDQhf:ux3mLc;PgXDBd:dm1dhc;Pjplud:EEDORb;QGR0gd:Mlhmy;QhhnXd:UqJYYe;RRwdt:gGRuRe;RYWUUc:anescc;Rh5nIc:JScXmc;SIjcAd:jrKD8b;SL22ab:CBRamd;SNUn3:ZwDk9d;SVOR2e:RqS4qe;SVvzme:BPB8ib;ScI3Yc:e7Hzgb;Szy1cf:nBpGQ;TB8xhd:AGa58c;ULs67c:bdUBJc;Up9aO:kY43Sc;Uvc8o:VDovNc;V7j7Sb:stsTjb;VJwZIe:q5U1uf;X6zUkd:u0z0vd;XSYl9e:GNVVIb;YBlgBf:LMo5Id;YIZmRd:A1yn5d;Ycdno:rkQZze;YfZO5c:CVuqWd;ZE1Tgd:rNScwd;ZGeKvd:rb5w8b;ZT1aHd:g7FNPe;ZaFVgc:wOWhl;ZjyI3e:W2v6fc;a56pNe:JEfCwb;aPdIxb:F52gIc;bS8oAe:Kimhwf;brg6Gd:TlvL3b;cEt90b:ws9Tlc;cFl0Ie:PWJipc;cJj1Kd:A5k23d;cYTQve:GhXhl;cgbTHc:G8ycZ;d91XDb:tjhtsb;dDPGef:kDKsbe;dIoSBb:SpsfSb;dYFttf:ZRxAzc;dowIGb:ebZ3mb;eBAeSb:zbML3c;esl3oe:Qz2vJf;fh9ycc:gHNvKb;g2wfV:DcDVld;gAClPb:ghdkwd;hgud7d:GNh0Qc;hoquJe:EjBUIf;iFQyKf:QIhFr;iKsOgb:cWjcJb;jRrT5d:EHUI2d;jtBjNe:dWHZee;kNqx7b:gzp7wb;kqpyR:qIJF2;l4RAwd:h5Fnie;l6twR:Fvyyad;lOO0Vd:OTA3Ae;m4bwx:htQxyf;oFd48c:l7VM1e;oGtAuc:sOXFj;oJejCf:u1kdYb;p0iB4:VQhtq;pXdRYb:MdUzUe;qSBODf:H8X5pc;qafBPd:yDVVkb;qddgKe:xQtZb;qgOdad:vko54d;rWx8Cc:oJTSrd;rarsed:Mb2qyd;rpiri:tZyrxe;sgnAWd:HkSoT;ssiZFc:BhQ85d;tbg2ob:nMC03e;vKM7Jb:cWjcJb;wR5FRb:O1Gjze;x2i2de:zeWni;x4CZme:lCtfC;xbOSgd:e5G55;xqZiqf:wmnU7d;ye9FMd:KC9GA;yxTchf:KUM7Z;zBvUNc:fT8Mbb;zJxI2:kxz7Nb;zxnPse:GkRiKb/m=ws9Tlc,n73qwf,aW3pY,GkRiKb,e5qFLc,IZT63,UUJqVe,O1Gjze,xUdipf,ZDZcre,OTA3Ae,ZwDk9d,RyvaUb,mI3LFb,XU5LFb,m9oV,hl,P6sQOc,QcfBve,mzzZzc,rCcCxc,mSX26d,WO9ee,JGjVRe,ncpZGe,CJeEuc,en2VH,ALJJub,kRDR8c,H9H6ie,sszRX,FU117c,QQnX0,uHu91b,kgMFLe,hKCjub,O6y8ed,PrPYRd,MpJwZc,NwH0H,V3dDOb,lazG7b,Ivl8bd,g9HNd,XVMNvd,KUM7Z,Fl2dbf,qTnoBf,lwddkf,gychg,w9hDv,RMhBfe,SdcwHb,texUgd,pw70Gc,EFQ78c,Ulmmrd,A7fCU,mdR7q,wmnU7d,xQtZb,FSOnAf,gJzDyc,JNoxi,MI6k7c,kjKdXe,BVgquf,QIhFr,lfpdyf,hKSk3e,hc6Ubd,SpsfSb,Z5uLle,MdUzUe,zbML3c,zr1jrb,Uas9Hd,pjICDe?wli=MeetingsUi.WYMG7zyDiH8.loadAudioAnalyzer.O%3A%3BMeetingsUi.ZUe_WygnDrA.loadAudioEncoder.O%3A%3BMeetingsUi.HRu6AvYjJUg.loadNetEqLyraWrapper.O%3A%3BMeetingsUi.4-dsGPOypMg.loadNetEqWrapper.O%3A%3B (4081)
[18492:17616:0604/165918.069:INFO:CONSOLE:4081] "Uncaught (in promise) DisconnectedError: DisconnectedError, EndCause = 72", source: https://meet.google.com/_/scs/mss-static/_/js/k=boq-rtc.MeetingsUi.en_US.d1O4ZDaytYQ.2020.O/ck=boq-rtc.MeetingsUi.ClgNtsH58os.L.B1.O/am=6t2SgJwGEQCA8TjAKBAAQKBoI1JjGKAAACAPDgABDAAAAITAAEojAACQGwAAGIiv9ZnwmsA4gAE/d=1/exm=LEikZe,_b,_tp,byfTOb,lsjVmc/excm=_b,_tp,calldesktoppageview/ed=1/br=1/wt=2/ujg=1/rs=AL5CKSFhLA4IQeBwe5eWP85Sm9km_Mmajw/ee=AM9HZd:vCak4b;BK4xnc:aLbsjd;BjCzpe:Yvr34d;Bnf5Lc:iPDrZd;CMRktf:ZW5KY;DGWCxb:CgYiQ;E1tgbf:hMxPK;EAoUvb:aKikzb;EVNhjf:pw70Gc;EfKZq:QO2YB;EmZ2Bf:zr1jrb;GKUnZb:cVkoff;GmdGTd:Ct4wsb;IXc14:eHmsLe;J9XQCb:QxciMb;JLGZx:oSnDHf;JsINff:j38I5b;JsbNhc:Xd8iUd;K5nYTd:ZDZcre;KKym4b:wA3hpc;KNpT6b:iSCite;KgXQpf:pQJdrb;LBgRLc:SdcwHb;LQJKcd:WuS5Ye;MJ6mxb:ubdYZ;Me32dd:MEeYgc;N8ehxe:AKukpf;NAHCGe:mxiOOb;NJ1rfe:qTnoBf;NPKaK:SdcwHb;NSEoX:lazG7b;OOoYAb:Oj9pPe;PRDQhf:ux3mLc;PgXDBd:dm1dhc;Pjplud:EEDORb;QGR0gd:Mlhmy;QhhnXd:UqJYYe;RRwdt:gGRuRe;RYWUUc:anescc;Rh5nIc:JScXmc;SIjcAd:jrKD8b;SL22ab:CBRamd;SNUn3:ZwDk9d;SVOR2e:RqS4qe;SVvzme:BPB8ib;ScI3Yc:e7Hzgb;Szy1cf:nBpGQ;TB8xhd:AGa58c;ULs67c:bdUBJc;Up9aO:kY43Sc;Uvc8o:VDovNc;V7j7Sb:stsTjb;VJwZIe:q5U1uf;X6zUkd:u0z0vd;XSYl9e:GNVVIb;YBlgBf:LMo5Id;YIZmRd:A1yn5d;Ycdno:rkQZze;YfZO5c:CVuqWd;ZE1Tgd:rNScwd;ZGeKvd:rb5w8b;ZT1aHd:g7FNPe;ZaFVgc:wOWhl;ZjyI3e:W2v6fc;a56pNe:JEfCwb;aPdIxb:F52gIc;bS8oAe:Kimhwf;brg6Gd:TlvL3b;cEt90b:ws9Tlc;cFl0Ie:PWJipc;cJj1Kd:A5k23d;cYTQve:GhXhl;cgbTHc:G8ycZ;d91XDb:tjhtsb;dDPGef:kDKsbe;dIoSBb:SpsfSb;dYFttf:ZRxAzc;dowIGb:ebZ3mb;eBAeSb:zbML3c;esl3oe:Qz2vJf;fh9ycc:gHNvKb;g2wfV:DcDVld;gAClPb:ghdkwd;hgud7d:GNh0Qc;hoquJe:EjBUIf;iFQyKf:QIhFr;iKsOgb:cWjcJb;jRrT5d:EHUI2d;jtBjNe:dWHZee;kNqx7b:gzp7wb;kqpyR:qIJF2;l4RAwd:h5Fnie;l6twR:Fvyyad;lOO0Vd:OTA3Ae;m4bwx:htQxyf;oFd48c:l7VM1e;oGtAuc:sOXFj;oJejCf:u1kdYb;p0iB4:VQhtq;pXdRYb:MdUzUe;qSBODf:H8X5pc;qafBPd:yDVVkb;qddgKe:xQtZb;qgOdad:vko54d;rWx8Cc:oJTSrd;rarsed:Mb2qyd;rpiri:tZyrxe;sgnAWd:HkSoT;ssiZFc:BhQ85d;tbg2ob:nMC03e;vKM7Jb:cWjcJb;wR5FRb:O1Gjze;x2i2de:zeWni;x4CZme:lCtfC;xbOSgd:e5G55;xqZiqf:wmnU7d;ye9FMd:KC9GA;yxTchf:KUM7Z;zBvUNc:fT8Mbb;zJxI2:kxz7Nb;zxnPse:GkRiKb/m=ws9Tlc,n73qwf,aW3pY,GkRiKb,e5qFLc,IZT63,UUJqVe,O1Gjze,xUdipf,ZDZcre,OTA3Ae,ZwDk9d,RyvaUb,mI3LFb,XU5LFb,m9oV,hl,P6sQOc,QcfBve,mzzZzc,rCcCxc,mSX26d,WO9ee,JGjVRe,ncpZGe,CJeEuc,en2VH,ALJJub,kRDR8c,H9H6ie,sszRX,FU117c,QQnX0,uHu91b,kgMFLe,hKCjub,O6y8ed,PrPYRd,MpJwZc,NwH0H,V3dDOb,lazG7b,Ivl8bd,g9HNd,XVMNvd,KUM7Z,Fl2dbf,qTnoBf,lwddkf,gychg,w9hDv,RMhBfe,SdcwHb,texUgd,pw70Gc,EFQ78c,Ulmmrd,A7fCU,mdR7q,wmnU7d,xQtZb,FSOnAf,gJzDyc,JNoxi,MI6k7c,kjKdXe,BVgquf,QIhFr,lfpdyf,hKSk3e,hc6Ubd,SpsfSb,Z5uLle,MdUzUe,zbML3c,zr1jrb,Uas9Hd,pjICDe?wli=MeetingsUi.WYMG7zyDiH8.loadAudioAnalyzer.O%3A%3BMeetingsUi.ZUe_WygnDrA.loadAudioEncoder.O%3A%3BMeetingsUi.HRu6AvYjJUg.loadNetEqLyraWrapper.O%3A%3BMeetingsUi.4-dsGPOypMg.loadNetEqWrapper.O%3A%3B (4081)
[18492:17616:0604/165918.070:INFO:CONSOLE:4081] "Uncaught (in promise) DisconnectedError: DisconnectedError, EndCause = 72", source: https://meet.google.com/_/scs/mss-static/_/js/k=boq-rtc.MeetingsUi.en_US.d1O4ZDaytYQ.2020.O/ck=boq-rtc.MeetingsUi.ClgNtsH58os.L.B1.O/am=6t2SgJwGEQCA8TjAKBAAQKBoI1JjGKAAACAPDgABDAAAAITAAEojAACQGwAAGIiv9ZnwmsA4gAE/d=1/exm=LEikZe,_b,_tp,byfTOb,lsjVmc/excm=_b,_tp,calldesktoppageview/ed=1/br=1/wt=2/ujg=1/rs=AL5CKSFhLA4IQeBwe5eWP85Sm9km_Mmajw/ee=AM9HZd:vCak4b;BK4xnc:aLbsjd;BjCzpe:Yvr34d;Bnf5Lc:iPDrZd;CMRktf:ZW5KY;DGWCxb:CgYiQ;E1tgbf:hMxPK;EAoUvb:aKikzb;EVNhjf:pw70Gc;EfKZq:QO2YB;EmZ2Bf:zr1jrb;GKUnZb:cVkoff;GmdGTd:Ct4wsb;IXc14:eHmsLe;J9XQCb:QxciMb;JLGZx:oSnDHf;JsINff:j38I5b;JsbNhc:Xd8iUd;K5nYTd:ZDZcre;KKym4b:wA3hpc;KNpT6b:iSCite;KgXQpf:pQJdrb;LBgRLc:SdcwHb;LQJKcd:WuS5Ye;MJ6mxb:ubdYZ;Me32dd:MEeYgc;N8ehxe:AKukpf;NAHCGe:mxiOOb;NJ1rfe:qTnoBf;NPKaK:SdcwHb;NSEoX:lazG7b;OOoYAb:Oj9pPe;PRDQhf:ux3mLc;PgXDBd:dm1dhc;Pjplud:EEDORb;QGR0gd:Mlhmy;QhhnXd:UqJYYe;RRwdt:gGRuRe;RYWUUc:anescc;Rh5nIc:JScXmc;SIjcAd:jrKD8b;SL22ab:CBRamd;SNUn3:ZwDk9d;SVOR2e:RqS4qe;SVvzme:BPB8ib;ScI3Yc:e7Hzgb;Szy1cf:nBpGQ;TB8xhd:AGa58c;ULs67c:bdUBJc;Up9aO:kY43Sc;Uvc8o:VDovNc;V7j7Sb:stsTjb;VJwZIe:q5U1uf;X6zUkd:u0z0vd;XSYl9e:GNVVIb;YBlgBf:LMo5Id;YIZmRd:A1yn5d;Ycdno:rkQZze;YfZO5c:CVuqWd;ZE1Tgd:rNScwd;ZGeKvd:rb5w8b;ZT1aHd:g7FNPe;ZaFVgc:wOWhl;ZjyI3e:W2v6fc;a56pNe:JEfCwb;aPdIxb:F52gIc;bS8oAe:Kimhwf;brg6Gd:TlvL3b;cEt90b:ws9Tlc;cFl0Ie:PWJipc;cJj1Kd:A5k23d;cYTQve:GhXhl;cgbTHc:G8ycZ;d91XDb:tjhtsb;dDPGef:kDKsbe;dIoSBb:SpsfSb;dYFttf:ZRxAzc;dowIGb:ebZ3mb;eBAeSb:zbML3c;esl3oe:Qz2vJf;fh9ycc:gHNvKb;g2wfV:DcDVld;gAClPb:ghdkwd;hgud7d:GNh0Qc;hoquJe:EjBUIf;iFQyKf:QIhFr;iKsOgb:cWjcJb;jRrT5d:EHUI2d;jtBjNe:dWHZee;kNqx7b:gzp7wb;kqpyR:qIJF2;l4RAwd:h5Fnie;l6twR:Fvyyad;lOO0Vd:OTA3Ae;m4bwx:htQxyf;oFd48c:l7VM1e;oGtAuc:sOXFj;oJejCf:u1kdYb;p0iB4:VQhtq;pXdRYb:MdUzUe;qSBODf:H8X5pc;qafBPd:yDVVkb;qddgKe:xQtZb;qgOdad:vko54d;rWx8Cc:oJTSrd;rarsed:Mb2qyd;rpiri:tZyrxe;sgnAWd:HkSoT;ssiZFc:BhQ85d;tbg2ob:nMC03e;vKM7Jb:cWjcJb;wR5FRb:O1Gjze;x2i2de:zeWni;x4CZme:lCtfC;xbOSgd:e5G55;xqZiqf:wmnU7d;ye9FMd:KC9GA;yxTchf:KUM7Z;zBvUNc:fT8Mbb;zJxI2:kxz7Nb;zxnPse:GkRiKb/m=ws9Tlc,n73qwf,aW3pY,GkRiKb,e5qFLc,IZT63,UUJqVe,O1Gjze,xUdipf,ZDZcre,OTA3Ae,ZwDk9d,RyvaUb,mI3LFb,XU5LFb,m9oV,hl,P6sQOc,QcfBve,mzzZzc,rCcCxc,mSX26d,WO9ee,JGjVRe,ncpZGe,CJeEuc,en2VH,ALJJub,kRDR8c,H9H6ie,sszRX,FU117c,QQnX0,uHu91b,kgMFLe,hKCjub,O6y8ed,PrPYRd,MpJwZc,NwH0H,V3dDOb,lazG7b,Ivl8bd,g9HNd,XVMNvd,KUM7Z,Fl2dbf,qTnoBf,lwddkf,gychg,w9hDv,RMhBfe,SdcwHb,texUgd,pw70Gc,EFQ78c,Ulmmrd,A7fCU,mdR7q,wmnU7d,xQtZb,FSOnAf,gJzDyc,JNoxi,MI6k7c,kjKdXe,BVgquf,QIhFr,lfpdyf,hKSk3e,hc6Ubd,SpsfSb,Z5uLle,MdUzUe,zbML3c,zr1jrb,Uas9Hd,pjICDe?wli=MeetingsUi.WYMG7zyDiH8.loadAudioAnalyzer.O%3A%3BMeetingsUi.ZUe_WygnDrA.loadAudioEncoder.O%3A%3BMeetingsUi.HRu6AvYjJUg.loadNetEqLyraWrapper.O%3A%3BMeetingsUi.4-dsGPOypMg.loadNetEqWrapper.O%3A%3B (4081)
[18492:17616:0604/165918.070:INFO:CONSOLE:300] "Uncaught (in promise) cancel: Disposed before init", source: https://meet.google.com/_/scs/mss-static/_/js/k=boq-rtc.MeetingsUi.en_US.d1O4ZDaytYQ.2020.O/am=6t2SgJwGEQCA8TjAKBAAQKBoI1JjGKAAACAPDgABDAAAAITAAEojAACQGwAAGIiv9ZnwmsA4gAE/d=1/excm=_b,_tp,calldesktoppageview/ed=1/dg=0/br=1/wt=2/ujg=1/rs=AL5CKSHYLUDXmYdA6eplF6k5QvbVZamI8A/m=_b,_tp?wli=MeetingsUi.WYMG7zyDiH8.loadAudioAnalyzer.O%3A%3BMeetingsUi.ZUe_WygnDrA.loadAudioEncoder.O%3A%3BMeetingsUi.HRu6AvYjJUg.loadNetEqLyraWrapper.O%3A%3BMeetingsUi.4-dsGPOypMg.loadNetEqWrapper.O%3A%3B (300)
[18492:17616:0604/165918.070:INFO:CONSOLE:300] "Uncaught (in promise) cancel: Disposed before init", source: https://meet.google.com/_/scs/mss-static/_/js/k=boq-rtc.MeetingsUi.en_US.d1O4ZDaytYQ.2020.O/am=6t2SgJwGEQCA8TjAKBAAQKBoI1JjGKAAACAPDgABDAAAAITAAEojAACQGwAAGIiv9ZnwmsA4gAE/d=1/excm=_b,_tp,calldesktoppageview/ed=1/dg=0/br=1/wt=2/ujg=1/rs=AL5CKSHYLUDXmYdA6eplF6k5QvbVZamI8A/m=_b,_tp?wli=MeetingsUi.WYMG7zyDiH8.loadAudioAnalyzer.O%3A%3BMeetingsUi.ZUe_WygnDrA.loadAudioEncoder.O%3A%3BMeetingsUi.HRu6AvYjJUg.loadNetEqLyraWrapper.O%3A%3BMeetingsUi.4-dsGPOypMg.loadNetEqWrapper.O%3A%3B (300)
[18492:17616:0604/165918.070:INFO:CONSOLE:300] "Uncaught (in promise) cancel: Disposed before init", source: https://meet.google.com/_/scs/mss-static/_/js/k=boq-rtc.MeetingsUi.en_US.d1O4ZDaytYQ.2020.O/am=6t2SgJwGEQCA8TjAKBAAQKBoI1JjGKAAACAPDgABDAAAAITAAEojAACQGwAAGIiv9ZnwmsA4gAE/d=1/excm=_b,_tp,calldesktoppageview/ed=1/dg=0/br=1/wt=2/ujg=1/rs=AL5CKSHYLUDXmYdA6eplF6k5QvbVZamI8A/m=_b,_tp?wli=MeetingsUi.WYMG7zyDiH8.loadAudioAnalyzer.O%3A%3BMeetingsUi.ZUe_WygnDrA.loadAudioEncoder.O%3A%3BMeetingsUi.HRu6AvYjJUg.loadNetEqLyraWrapper.O%3A%3BMeetingsUi.4-dsGPOypMg.loadNetEqWrapper.O%3A%3B (300)
[18492:17616:0604/165918.070:INFO:CONSOLE:300] "Uncaught (in promise) cancel: Disposed before init", source: https://meet.google.com/_/scs/mss-static/_/js/k=boq-rtc.MeetingsUi.en_US.d1O4ZDaytYQ.2020.O/am=6t2SgJwGEQCA8TjAKBAAQKBoI1JjGKAAACAPDgABDAAAAITAAEojAACQGwAAGIiv9ZnwmsA4gAE/d=1/excm=_b,_tp,calldesktoppageview/ed=1/dg=0/br=1/wt=2/ujg=1/rs=AL5CKSHYLUDXmYdA6eplF6k5QvbVZamI8A/m=_b,_tp?wli=MeetingsUi.WYMG7zyDiH8.loadAudioAnalyzer.O%3A%3BMeetingsUi.ZUe_WygnDrA.loadAudioEncoder.O%3A%3BMeetingsUi.HRu6AvYjJUg.loadNetEqLyraWrapper.O%3A%3BMeetingsUi.4-dsGPOypMg.loadNetEqWrapper.O%3A%3B (300)
[18492:17616:0604/165918.070:INFO:CONSOLE:300] "Uncaught (in promise) cancel: Signal asynchronously disposed", source: https://meet.google.com/_/scs/mss-static/_/js/k=boq-rtc.MeetingsUi.en_US.d1O4ZDaytYQ.2020.O/am=6t2SgJwGEQCA8TjAKBAAQKBoI1JjGKAAACAPDgABDAAAAITAAEojAACQGwAAGIiv9ZnwmsA4gAE/d=1/excm=_b,_tp,calldesktoppageview/ed=1/dg=0/br=1/wt=2/ujg=1/rs=AL5CKSHYLUDXmYdA6eplF6k5QvbVZamI8A/m=_b,_tp?wli=MeetingsUi.WYMG7zyDiH8.loadAudioAnalyzer.O%3A%3BMeetingsUi.ZUe_WygnDrA.loadAudioEncoder.O%3A%3BMeetingsUi.HRu6AvYjJUg.loadNetEqLyraWrapper.O%3A%3BMeetingsUi.4-dsGPOypMg.loadNetEqWrapper.O%3A%3B (300)
[18492:17616:0604/165918.071:INFO:CONSOLE:300] "Uncaught (in promise) cancel: Signal asynchronously disposed", source: https://meet.google.com/_/scs/mss-static/_/js/k=boq-rtc.MeetingsUi.en_US.d1O4ZDaytYQ.2020.O/am=6t2SgJwGEQCA8TjAKBAAQKBoI1JjGKAAACAPDgABDAAAAITAAEojAACQGwAAGIiv9ZnwmsA4gAE/d=1/excm=_b,_tp,calldesktoppageview/ed=1/dg=0/br=1/wt=2/ujg=1/rs=AL5CKSHYLUDXmYdA6eplF6k5QvbVZamI8A/m=_b,_tp?wli=MeetingsUi.WYMG7zyDiH8.loadAudioAnalyzer.O%3A%3BMeetingsUi.ZUe_WygnDrA.loadAudioEncoder.O%3A%3BMeetingsUi.HRu6AvYjJUg.loadNetEqLyraWrapper.O%3A%3BMeetingsUi.4-dsGPOypMg.loadNetEqWrapper.O%3A%3B (300)
[18492:17616:0604/165918.071:INFO:CONSOLE:300] "Uncaught (in promise) cancel: Signal asynchronously disposed", source: https://meet.google.com/_/scs/mss-static/_/js/k=boq-rtc.MeetingsUi.en_US.d1O4ZDaytYQ.2020.O/am=6t2SgJwGEQCA8TjAKBAAQKBoI1JjGKAAACAPDgABDAAAAITAAEojAACQGwAAGIiv9ZnwmsA4gAE/d=1/excm=_b,_tp,calldesktoppageview/ed=1/dg=0/br=1/wt=2/ujg=1/rs=AL5CKSHYLUDXmYdA6eplF6k5QvbVZamI8A/m=_b,_tp?wli=MeetingsUi.WYMG7zyDiH8.loadAudioAnalyzer.O%3A%3BMeetingsUi.ZUe_WygnDrA.loadAudioEncoder.O%3A%3BMeetingsUi.HRu6AvYjJUg.loadNetEqLyraWrapper.O%3A%3BMeetingsUi.4-dsGPOypMg.loadNetEqWrapper.O%3A%3B (300)
[18492:17616:0604/165918.071:INFO:CONSOLE:300] "Uncaught (in promise) cancel: Signal asynchronously disposed", source: https://meet.google.com/_/scs/mss-static/_/js/k=boq-rtc.MeetingsUi.en_US.d1O4ZDaytYQ.2020.O/am=6t2SgJwGEQCA8TjAKBAAQKBoI1JjGKAAACAPDgABDAAAAITAAEojAACQGwAAGIiv9ZnwmsA4gAE/d=1/excm=_b,_tp,calldesktoppageview/ed=1/dg=0/br=1/wt=2/ujg=1/rs=AL5CKSHYLUDXmYdA6eplF6k5QvbVZamI8A/m=_b,_tp?wli=MeetingsUi.WYMG7zyDiH8.loadAudioAnalyzer.O%3A%3BMeetingsUi.ZUe_WygnDrA.loadAudioEncoder.O%3A%3BMeetingsUi.HRu6AvYjJUg.loadNetEqLyraWrapper.O%3A%3BMeetingsUi.4-dsGPOypMg.loadNetEqWrapper.O%3A%3B (300)
[18492:17616:0604/165918.071:INFO:CONSOLE:300] "Uncaught (in promise) cancel: Signal asynchronously disposed", source: https://meet.google.com/_/scs/mss-static/_/js/k=boq-rtc.MeetingsUi.en_US.d1O4ZDaytYQ.2020.O/am=6t2SgJwGEQCA8TjAKBAAQKBoI1JjGKAAACAPDgABDAAAAITAAEojAACQGwAAGIiv9ZnwmsA4gAE/d=1/excm=_b,_tp,calldesktoppageview/ed=1/dg=0/br=1/wt=2/ujg=1/rs=AL5CKSHYLUDXmYdA6eplF6k5QvbVZamI8A/m=_b,_tp?wli=MeetingsUi.WYMG7zyDiH8.loadAudioAnalyzer.O%3A%3BMeetingsUi.ZUe_WygnDrA.loadAudioEncoder.O%3A%3BMeetingsUi.HRu6AvYjJUg.loadNetEqLyraWrapper.O%3A%3BMeetingsUi.4-dsGPOypMg.loadNetEqWrapper.O%3A%3B (300)
[18492:17616:0604/165918.071:INFO:CONSOLE:300] "Uncaught (in promise) cancel: Signal asynchronously disposed", source: https://meet.google.com/_/scs/mss-static/_/js/k=boq-rtc.MeetingsUi.en_US.d1O4ZDaytYQ.2020.O/am=6t2SgJwGEQCA8TjAKBAAQKBoI1JjGKAAACAPDgABDAAAAITAAEojAACQGwAAGIiv9ZnwmsA4gAE/d=1/excm=_b,_tp,calldesktoppageview/ed=1/dg=0/br=1/wt=2/ujg=1/rs=AL5CKSHYLUDXmYdA6eplF6k5QvbVZamI8A/m=_b,_tp?wli=MeetingsUi.WYMG7zyDiH8.loadAudioAnalyzer.O%3A%3BMeetingsUi.ZUe_WygnDrA.loadAudioEncoder.O%3A%3BMeetingsUi.HRu6AvYjJUg.loadNetEqLyraWrapper.O%3A%3BMeetingsUi.4-dsGPOypMg.loadNetEqWrapper.O%3A%3B (300)
[18492:17616:0604/165918.071:INFO:CONSOLE:300] "Uncaught (in promise) cancel: Signal asynchronously disposed", source: https://meet.google.com/_/scs/mss-static/_/js/k=boq-rtc.MeetingsUi.en_US.d1O4ZDaytYQ.2020.O/am=6t2SgJwGEQCA8TjAKBAAQKBoI1JjGKAAACAPDgABDAAAAITAAEojAACQGwAAGIiv9ZnwmsA4gAE/d=1/excm=_b,_tp,calldesktoppageview/ed=1/dg=0/br=1/wt=2/ujg=1/rs=AL5CKSHYLUDXmYdA6eplF6k5QvbVZamI8A/m=_b,_tp?wli=MeetingsUi.WYMG7zyDiH8.loadAudioAnalyzer.O%3A%3BMeetingsUi.ZUe_WygnDrA.loadAudioEncoder.O%3A%3BMeetingsUi.HRu6AvYjJUg.loadNetEqLyraWrapper.O%3A%3BMeetingsUi.4-dsGPOypMg.loadNetEqWrapper.O%3A%3B (300)
[18492:17616:0604/165918.071:INFO:CONSOLE:300] "Uncaught (in promise) cancel: Signal asynchronously disposed", source: https://meet.google.com/_/scs/mss-static/_/js/k=boq-rtc.MeetingsUi.en_US.d1O4ZDaytYQ.2020.O/am=6t2SgJwGEQCA8TjAKBAAQKBoI1JjGKAAACAPDgABDAAAAITAAEojAACQGwAAGIiv9ZnwmsA4gAE/d=1/excm=_b,_tp,calldesktoppageview/ed=1/dg=0/br=1/wt=2/ujg=1/rs=AL5CKSHYLUDXmYdA6eplF6k5QvbVZamI8A/m=_b,_tp?wli=MeetingsUi.WYMG7zyDiH8.loadAudioAnalyzer.O%3A%3BMeetingsUi.ZUe_WygnDrA.loadAudioEncoder.O%3A%3BMeetingsUi.HRu6AvYjJUg.loadNetEqLyraWrapper.O%3A%3BMeetingsUi.4-dsGPOypMg.loadNetEqWrapper.O%3A%3B (300)
[18492:17616:0604/165918.072:INFO:CONSOLE:4081] "Uncaught (in promise) DisconnectedError: DisconnectedError, EndCause = 72", source: https://meet.google.com/_/scs/mss-static/_/js/k=boq-rtc.MeetingsUi.en_US.d1O4ZDaytYQ.2020.O/ck=boq-rtc.MeetingsUi.ClgNtsH58os.L.B1.O/am=6t2SgJwGEQCA8TjAKBAAQKBoI1JjGKAAACAPDgABDAAAAITAAEojAACQGwAAGIiv9ZnwmsA4gAE/d=1/exm=LEikZe,_b,_tp,byfTOb,lsjVmc/excm=_b,_tp,calldesktoppageview/ed=1/br=1/wt=2/ujg=1/rs=AL5CKSFhLA4IQeBwe5eWP85Sm9km_Mmajw/ee=AM9HZd:vCak4b;BK4xnc:aLbsjd;BjCzpe:Yvr34d;Bnf5Lc:iPDrZd;CMRktf:ZW5KY;DGWCxb:CgYiQ;E1tgbf:hMxPK;EAoUvb:aKikzb;EVNhjf:pw70Gc;EfKZq:QO2YB;EmZ2Bf:zr1jrb;GKUnZb:cVkoff;GmdGTd:Ct4wsb;IXc14:eHmsLe;J9XQCb:QxciMb;JLGZx:oSnDHf;JsINff:j38I5b;JsbNhc:Xd8iUd;K5nYTd:ZDZcre;KKym4b:wA3hpc;KNpT6b:iSCite;KgXQpf:pQJdrb;LBgRLc:SdcwHb;LQJKcd:WuS5Ye;MJ6mxb:ubdYZ;Me32dd:MEeYgc;N8ehxe:AKukpf;NAHCGe:mxiOOb;NJ1rfe:qTnoBf;NPKaK:SdcwHb;NSEoX:lazG7b;OOoYAb:Oj9pPe;PRDQhf:ux3mLc;PgXDBd:dm1dhc;Pjplud:EEDORb;QGR0gd:Mlhmy;QhhnXd:UqJYYe;RRwdt:gGRuRe;RYWUUc:anescc;Rh5nIc:JScXmc;SIjcAd:jrKD8b;SL22ab:CBRamd;SNUn3:ZwDk9d;SVOR2e:RqS4qe;SVvzme:BPB8ib;ScI3Yc:e7Hzgb;Szy1cf:nBpGQ;TB8xhd:AGa58c;ULs67c:bdUBJc;Up9aO:kY43Sc;Uvc8o:VDovNc;V7j7Sb:stsTjb;VJwZIe:q5U1uf;X6zUkd:u0z0vd;XSYl9e:GNVVIb;YBlgBf:LMo5Id;YIZmRd:A1yn5d;Ycdno:rkQZze;YfZO5c:CVuqWd;ZE1Tgd:rNScwd;ZGeKvd:rb5w8b;ZT1aHd:g7FNPe;ZaFVgc:wOWhl;ZjyI3e:W2v6fc;a56pNe:JEfCwb;aPdIxb:F52gIc;bS8oAe:Kimhwf;brg6Gd:TlvL3b;cEt90b:ws9Tlc;cFl0Ie:PWJipc;cJj1Kd:A5k23d;cYTQve:GhXhl;cgbTHc:G8ycZ;d91XDb:tjhtsb;dDPGef:kDKsbe;dIoSBb:SpsfSb;dYFttf:ZRxAzc;dowIGb:ebZ3mb;eBAeSb:zbML3c;esl3oe:Qz2vJf;fh9ycc:gHNvKb;g2wfV:DcDVld;gAClPb:ghdkwd;hgud7d:GNh0Qc;hoquJe:EjBUIf;iFQyKf:QIhFr;iKsOgb:cWjcJb;jRrT5d:EHUI2d;jtBjNe:dWHZee;kNqx7b:gzp7wb;kqpyR:qIJF2;l4RAwd:h5Fnie;l6twR:Fvyyad;lOO0Vd:OTA3Ae;m4bwx:htQxyf;oFd48c:l7VM1e;oGtAuc:sOXFj;oJejCf:u1kdYb;p0iB4:VQhtq;pXdRYb:MdUzUe;qSBODf:H8X5pc;qafBPd:yDVVkb;qddgKe:xQtZb;qgOdad:vko54d;rWx8Cc:oJTSrd;rarsed:Mb2qyd;rpiri:tZyrxe;sgnAWd:HkSoT;ssiZFc:BhQ85d;tbg2ob:nMC03e;vKM7Jb:cWjcJb;wR5FRb:O1Gjze;x2i2de:zeWni;x4CZme:lCtfC;xbOSgd:e5G55;xqZiqf:wmnU7d;ye9FMd:KC9GA;yxTchf:KUM7Z;zBvUNc:fT8Mbb;zJxI2:kxz7Nb;zxnPse:GkRiKb/m=ws9Tlc,n73qwf,aW3pY,GkRiKb,e5qFLc,IZT63,UUJqVe,O1Gjze,xUdipf,ZDZcre,OTA3Ae,ZwDk9d,RyvaUb,mI3LFb,XU5LFb,m9oV,hl,P6sQOc,QcfBve,mzzZzc,rCcCxc,mSX26d,WO9ee,JGjVRe,ncpZGe,CJeEuc,en2VH,ALJJub,kRDR8c,H9H6ie,sszRX,FU117c,QQnX0,uHu91b,kgMFLe,hKCjub,O6y8ed,PrPYRd,MpJwZc,NwH0H,V3dDOb,lazG7b,Ivl8bd,g9HNd,XVMNvd,KUM7Z,Fl2dbf,qTnoBf,lwddkf,gychg,w9hDv,RMhBfe,SdcwHb,texUgd,pw70Gc,EFQ78c,Ulmmrd,A7fCU,mdR7q,wmnU7d,xQtZb,FSOnAf,gJzDyc,JNoxi,MI6k7c,kjKdXe,BVgquf,QIhFr,lfpdyf,hKSk3e,hc6Ubd,SpsfSb,Z5uLle,MdUzUe,zbML3c,zr1jrb,Uas9Hd,pjICDe?wli=MeetingsUi.WYMG7zyDiH8.loadAudioAnalyzer.O%3A%3BMeetingsUi.ZUe_WygnDrA.loadAudioEncoder.O%3A%3BMeetingsUi.HRu6AvYjJUg.loadNetEqLyraWrapper.O%3A%3BMeetingsUi.4-dsGPOypMg.loadNetEqWrapper.O%3A%3B (4081)
[18492:17616:0604/165918.072:INFO:CONSOLE:300] "Uncaught (in promise) cancel: Signal asynchronously disposed", source: https://meet.google.com/_/scs/mss-static/_/js/k=boq-rtc.MeetingsUi.en_US.d1O4ZDaytYQ.2020.O/am=6t2SgJwGEQCA8TjAKBAAQKBoI1JjGKAAACAPDgABDAAAAITAAEojAACQGwAAGIiv9ZnwmsA4gAE/d=1/excm=_b,_tp,calldesktoppageview/ed=1/dg=0/br=1/wt=2/ujg=1/rs=AL5CKSHYLUDXmYdA6eplF6k5QvbVZamI8A/m=_b,_tp?wli=MeetingsUi.WYMG7zyDiH8.loadAudioAnalyzer.O%3A%3BMeetingsUi.ZUe_WygnDrA.loadAudioEncoder.O%3A%3BMeetingsUi.HRu6AvYjJUg.loadNetEqLyraWrapper.O%3A%3BMeetingsUi.4-dsGPOypMg.loadNetEqWrapper.O%3A%3B (300)
[18492:17616:0604/165918.074:WARNING:chrome\browser\media\prefs\capture_device_ranking.h:255] Can't initialize the value of media.audio_input.user_preference_ranking because media.default_audio_capture_device isn't registered or is empty
[18492:17616:0604/165918.074:WARNING:chrome\browser\media\prefs\capture_device_ranking.h:255] Can't initialize the value of media.video_input.user_preference_ranking because media.default_video_capture_Device isn't registered or is empty
[18492:17616:0604/165918.076:WARNING:chrome\browser\media\prefs\capture_device_ranking.h:255] Can't initialize the value of media.audio_input.user_preference_ranking because media.default_audio_capture_device isn't registered or is empty
[18492:17616:0604/165918.076:WARNING:chrome\browser\media\prefs\capture_device_ranking.h:255] Can't initialize the value of media.video_input.user_preference_ranking because media.default_video_capture_Device isn't registered or is empty
[18492:17616:0604/165918.091:WARNING:chrome\browser\media\prefs\capture_device_ranking.h:255] Can't initialize the value of media.audio_input.user_preference_ranking because media.default_audio_capture_device isn't registered or is empty
[18492:17616:0604/165918.091:WARNING:chrome\browser\media\prefs\capture_device_ranking.h:255] Can't initialize the value of media.video_input.user_preference_ranking because media.default_video_capture_Device isn't registered or is empty
[18492:17616:0604/165918.101:WARNING:chrome\browser\media\prefs\capture_device_ranking.h:255] Can't initialize the value of media.audio_input.user_preference_ranking because media.default_audio_capture_device isn't registered or is empty
[28108:28460:0604/165918.127:INFO:third_party\webrtc\modules\audio_processing\audio_processing_impl.cc:463] Injected APM submodules:
Echo control factory: 0
Echo detector: 0
Capture analyzer: 0
Capture post processor: 0
Render pre processor: 0
[28108:28460:0604/165918.127:INFO:third_party\webrtc\modules\audio_processing\audio_processing_impl.cc:476] AudioProcessing: AudioProcessing::Config{ pipeline: { maximum_internal_processing_rate: 48000, multi_channel_render: 1, multi_channel_capture: 0 }, pre_amplifier: { enabled: 0, fixed_gain_factor: 1 },capture_level_adjustment: { enabled: 0, pre_gain_factor: 1, post_gain_factor: 1, analog_mic_gain_emulation: { enabled: 0, initial_level: 255 }}, high_pass_filter: { enabled: 0 }, echo_canceller: { enabled: 1, mobile_mode: 0, enforce_high_pass_filtering: 1 }, noise_suppression: { enabled: 1, level: High }, transient_suppression: { enabled: 0 }, gain_controller1: { enabled: 0, mode: AdaptiveAnalog, target_level_dbfs: 3, compression_gain_db: 9, enable_limiter: 1, analog_gain_controller { enabled: 0, startup_min_volume: 0, clipped_level_min: 70, enable_digital_adaptive: 0, clipped_level_step: 15, clipped_ratio_threshold: 0.1, clipped_wait_frames: 300, clipping_predictor:  { enabled: 0, mode: 0, window_length: 5, reference_window_length: 5, reference_window_delay: 5, clipping_threshold: -1, crest_factor_margin: 3, use_predicted_step: 1 }}}, gain_controller2: { enabled: 1, fixed_digital: { gain_db: 0 }, adaptive_digital: { enabled: 1, headroom_db: 5, max_gain_db: 50, initial_gain_db: 15, max_gain_change_db_per_second: 6, max_output_noise_level_dbfs: -50 }, input_volume_control : { enabled 1}}
[28108:28460:0604/165918.128:INFO:third_party\webrtc\modules\audio_processing\aec3\transparent_mode.cc:243] AEC3 Transparent Mode: Legacy
[28108:28460:0604/165918.128:INFO:third_party\webrtc\modules\audio_processing\aec3\echo_canceller3.cc:821] AEC3 created with sample rate: 16000 Hz, num render channels: 1, num capture channels: 1
[28108:28460:0604/165918.128:INFO:third_party\webrtc\modules\audio_processing\agc2\clipping_predictor.cc:361] [AGC2] Clipping prediction enabled.
[28108:28460:0604/165918.128:INFO:third_party\webrtc\modules\audio_processing\agc2\input_volume_controller.cc:375] [AGC2] Input volume controller enabled. Minimum input volume: 20
[18492:17616:0604/165918.153:WARNING:chrome\browser\media\prefs\capture_device_ranking.h:255] Can't initialize the value of media.video_input.user_preference_ranking because media.default_video_capture_Device isn't registered or is empty
[28108:8388:0604/165918.156:WARNING:media\audio\win\audio_low_latency_input_win.cc:1081] WAIS::PullCaptureDataAndPushToSink => (WARNING: AUDCLNT_BUFFERFLAGS_DATA_DISCONTINUITY)
[28108:4984:0604/165918.157:INFO:third_party\webrtc\modules\audio_processing\aec3\transparent_mode.cc:243] AEC3 Transparent Mode: Legacy
[28108:4984:0604/165918.157:INFO:third_party\webrtc\modules\audio_processing\aec3\echo_canceller3.cc:821] AEC3 created with sample rate: 48000 Hz, num render channels: 1, num capture channels: 1
[28108:4984:0604/165918.157:INFO:third_party\webrtc\modules\audio_processing\agc2\clipping_predictor.cc:361] [AGC2] Clipping prediction enabled.
[28108:4984:0604/165918.157:INFO:third_party\webrtc\modules\audio_processing\agc2\input_volume_controller.cc:375] [AGC2] Input volume controller enabled. Minimum input volume: 20
[18492:17616:0604/165918.180:WARNING:chrome\browser\media\prefs\capture_device_ranking.h:255] Can't initialize the value of media.audio_input.user_preference_ranking because media.default_audio_capture_device isn't registered or is empty
[18492:17616:0604/165918.180:WARNING:chrome\browser\media\prefs\capture_device_ranking.h:255] Can't initialize the value of media.video_input.user_preference_ranking because media.default_video_capture_Device isn't registered or is empty
[18492:17616:0604/165919.493:WARNING:chrome\browser\media\prefs\capture_device_ranking.h:255] Can't initialize the value of media.audio_input.user_preference_ranking because media.default_audio_capture_device isn't registered or is empty
[18492:17616:0604/165919.493:WARNING:chrome\browser\media\prefs\capture_device_ranking.h:255] Can't initialize the value of media.video_input.user_preference_ranking because media.default_video_capture_Device isn't registered or is empty
[18492:17616:0604/165919.493:WARNING:chrome\browser\media\prefs\capture_device_ranking.h:255] Can't initialize the value of media.video_input.user_preference_ranking because media.default_video_capture_Device isn't registered or is empty
[28716:22844:0604/165923.115:WARNING:net\extras\sqlite\sqlite_persistent_store_backend_base.cc:176] Failed to post task from FlushAndNotifyInBackground@net\extras\sqlite\sqlite_persistent_store_backend_base.cc:226 to client_task_runner_.
[28716:22844:0604/165923.115:WARNING:net\extras\sqlite\sqlite_persistent_store_backend_base.cc:176] Failed to post task from FlushAndNotifyInBackground@net\extras\sqlite\sqlite_persistent_store_backend_base.cc:226 to client_task_runner_.
